2018-05-26 08:33:55: -- Analysis Started by User Command
2018-05-26 08:33:55: L: State file does not exist: D:/Users/tjehu/Desktop/Old Desktop Icons/ChaoticaSync/SkillAPI/CRSkillSets/_gsdata_/_file_state_v4._gs
2018-05-26 08:34:20: Changes: 97 (169), Conflicts: 0, CopyTime: 0, FixState: 0, Errors: 0, All: 170
2018-05-26 08:34:20: Left to Right: Copy File: 17 Delete File: 18 Rename/Move File/Folder: 62 
2018-05-26 08:34:20: -- Analysis Complete. Time 00:00:27, Speed: 6 files/s
2018-05-26 08:34:20: 
2018-05-26 08:34:45: == Sync Started by User Command
2018-05-26 08:34:49: Delete File 'sftp://ptero01.omghosting.net:2022/plugins/SkillAPI/CRSkillSets/.git/FETCH_HEAD'
2018-05-26 08:34:49: Delete Folder 'sftp://ptero01.omghosting.net:2022/plugins/SkillAPI/CRSkillSets/.git/lfs/objects/logs'
2018-05-26 08:34:50: Delete Folder 'sftp://ptero01.omghosting.net:2022/plugins/SkillAPI/CRSkillSets/.git/lfs/objects'
2018-05-26 08:34:50: Delete Folder 'sftp://ptero01.omghosting.net:2022/plugins/SkillAPI/CRSkillSets/.git/lfs/tmp/objects'
2018-05-26 08:34:50: Delete Folder 'sftp://ptero01.omghosting.net:2022/plugins/SkillAPI/CRSkillSets/.git/lfs/tmp'
2018-05-26 08:34:50: Delete Folder 'sftp://ptero01.omghosting.net:2022/plugins/SkillAPI/CRSkillSets/.git/lfs'
2018-05-26 08:34:51: Delete File 'sftp://ptero01.omghosting.net:2022/plugins/SkillAPI/CRSkillSets/.git/logs/HEAD'
2018-05-26 08:34:52: Delete File 'sftp://ptero01.omghosting.net:2022/plugins/SkillAPI/CRSkillSets/.git/logs/refs/heads/master'
2018-05-26 08:34:52: Delete Folder 'sftp://ptero01.omghosting.net:2022/plugins/SkillAPI/CRSkillSets/.git/logs/refs/heads'
2018-05-26 08:34:52: Delete Folder 'sftp://ptero01.omghosting.net:2022/plugins/SkillAPI/CRSkillSets/.git/objects/info'
2018-05-26 08:34:52: Delete Folder 'sftp://ptero01.omghosting.net:2022/plugins/SkillAPI/CRSkillSets/.git/objects/pack'
2018-05-26 08:34:52: Delete Folder 'sftp://ptero01.omghosting.net:2022/plugins/SkillAPI/CRSkillSets/.git/refs/tags'
2018-05-26 08:34:52: Move File sftp://ptero01.omghosting.net:2022/plugins/SkillAPI/CRSkillSets/.git/COMMIT_EDITMSG -> sftp://ptero01.omghosting.net:2022/plugins/SkillAPI/.git/COMMIT_EDITMSG
2018-05-26 08:34:52: file:///D:/Users/tjehu/Desktop/Old Desktop Icons/ChaoticaSync/SkillAPI/CRSkillSets/.git/COMMIT_EDITMSG: Destination file has changed size after upload from 0 to 6 while source file remained the same
2018-05-26 08:34:53: Move File sftp://ptero01.omghosting.net:2022/plugins/SkillAPI/CRSkillSets/.git/config -> sftp://ptero01.omghosting.net:2022/plugins/SkillAPI/.git/config
2018-05-26 08:34:53: file:///D:/Users/tjehu/Desktop/Old Desktop Icons/ChaoticaSync/SkillAPI/CRSkillSets/.git/config: Destination file has changed size after upload from 0 to 334 while source file remained the same
2018-05-26 08:34:53: Move File sftp://ptero01.omghosting.net:2022/plugins/SkillAPI/CRSkillSets/.git/description -> sftp://ptero01.omghosting.net:2022/plugins/SkillAPI/.git/description
2018-05-26 08:34:53: file:///D:/Users/tjehu/Desktop/Old Desktop Icons/ChaoticaSync/SkillAPI/CRSkillSets/.git/description: Destination file has changed size after upload from 0 to 73 while source file remained the same
2018-05-26 08:34:53: Move File sftp://ptero01.omghosting.net:2022/plugins/SkillAPI/CRSkillSets/.git/HEAD -> sftp://ptero01.omghosting.net:2022/plugins/SkillAPI/.git/HEAD
2018-05-26 08:34:53: file:///D:/Users/tjehu/Desktop/Old Desktop Icons/ChaoticaSync/SkillAPI/CRSkillSets/.git/HEAD: Destination file has changed size after upload from 0 to 23 while source file remained the same
2018-05-26 08:34:53: Move File sftp://ptero01.omghosting.net:2022/plugins/SkillAPI/.git/hooks/applypatch-msg.sample <-> sftp://ptero01.omghosting.net:2022/plugins/SkillAPI/CRSkillSets/.git/hooks/applypatch-msg.sample: already done
2018-05-26 08:34:53: file:///D:/Users/tjehu/Desktop/Old Desktop Icons/ChaoticaSync/SkillAPI/CRSkillSets/.git/hooks/applypatch-msg.sample: Destination file has changed size after upload from 0 to 478 while source file remained the same
2018-05-26 08:34:53: Move File sftp://ptero01.omghosting.net:2022/plugins/SkillAPI/.git/hooks/commit-msg.sample <-> sftp://ptero01.omghosting.net:2022/plugins/SkillAPI/CRSkillSets/.git/hooks/commit-msg.sample: already done
2018-05-26 08:34:53: file:///D:/Users/tjehu/Desktop/Old Desktop Icons/ChaoticaSync/SkillAPI/CRSkillSets/.git/hooks/commit-msg.sample: Destination file has changed size after upload from 0 to 896 while source file remained the same
2018-05-26 08:34:53: Move File sftp://ptero01.omghosting.net:2022/plugins/SkillAPI/.git/hooks/fsmonitor-watchman.sample <-> sftp://ptero01.omghosting.net:2022/plugins/SkillAPI/CRSkillSets/.git/hooks/fsmonitor-watchman.sample: already done
2018-05-26 08:34:53: file:///D:/Users/tjehu/Desktop/Old Desktop Icons/ChaoticaSync/SkillAPI/CRSkillSets/.git/hooks/fsmonitor-watchman.sample: Destination file has changed size after upload from 0 to 3327 while source file remained the same
2018-05-26 08:34:53: Move File sftp://ptero01.omghosting.net:2022/plugins/SkillAPI/.git/hooks/post-update.sample <-> sftp://ptero01.omghosting.net:2022/plugins/SkillAPI/CRSkillSets/.git/hooks/post-update.sample: already done
2018-05-26 08:34:53: file:///D:/Users/tjehu/Desktop/Old Desktop Icons/ChaoticaSync/SkillAPI/CRSkillSets/.git/hooks/post-update.sample: Destination file has changed size after upload from 0 to 189 while source file remained the same
2018-05-26 08:34:53: Move File sftp://ptero01.omghosting.net:2022/plugins/SkillAPI/.git/hooks/pre-applypatch.sample <-> sftp://ptero01.omghosting.net:2022/plugins/SkillAPI/CRSkillSets/.git/hooks/pre-applypatch.sample: already done
2018-05-26 08:34:53: file:///D:/Users/tjehu/Desktop/Old Desktop Icons/ChaoticaSync/SkillAPI/CRSkillSets/.git/hooks/pre-applypatch.sample: Destination file has changed size after upload from 0 to 424 while source file remained the same
2018-05-26 08:34:53: Move File sftp://ptero01.omghosting.net:2022/plugins/SkillAPI/.git/hooks/pre-commit.sample <-> sftp://ptero01.omghosting.net:2022/plugins/SkillAPI/CRSkillSets/.git/hooks/pre-commit.sample: already done
2018-05-26 08:34:53: file:///D:/Users/tjehu/Desktop/Old Desktop Icons/ChaoticaSync/SkillAPI/CRSkillSets/.git/hooks/pre-commit.sample: Destination file has changed size after upload from 0 to 1642 while source file remained the same
2018-05-26 08:34:53: Move File sftp://ptero01.omghosting.net:2022/plugins/SkillAPI/.git/hooks/pre-push.sample <-> sftp://ptero01.omghosting.net:2022/plugins/SkillAPI/CRSkillSets/.git/hooks/pre-push.sample: already done
2018-05-26 08:34:53: file:///D:/Users/tjehu/Desktop/Old Desktop Icons/ChaoticaSync/SkillAPI/CRSkillSets/.git/hooks/pre-push.sample: Destination file has changed size after upload from 0 to 1348 while source file remained the same
2018-05-26 08:34:53: Move File sftp://ptero01.omghosting.net:2022/plugins/SkillAPI/.git/hooks/pre-rebase.sample <-> sftp://ptero01.omghosting.net:2022/plugins/SkillAPI/CRSkillSets/.git/hooks/pre-rebase.sample: already done
2018-05-26 08:34:53: file:///D:/Users/tjehu/Desktop/Old Desktop Icons/ChaoticaSync/SkillAPI/CRSkillSets/.git/hooks/pre-rebase.sample: Destination file has changed size after upload from 0 to 4898 while source file remained the same
2018-05-26 08:34:53: Move File sftp://ptero01.omghosting.net:2022/plugins/SkillAPI/.git/hooks/pre-receive.sample <-> sftp://ptero01.omghosting.net:2022/plugins/SkillAPI/CRSkillSets/.git/hooks/pre-receive.sample: already done
2018-05-26 08:34:53: file:///D:/Users/tjehu/Desktop/Old Desktop Icons/ChaoticaSync/SkillAPI/CRSkillSets/.git/hooks/pre-receive.sample: Destination file has changed size after upload from 0 to 544 while source file remained the same
2018-05-26 08:34:53: Move File sftp://ptero01.omghosting.net:2022/plugins/SkillAPI/.git/hooks/prepare-commit-msg.sample <-> sftp://ptero01.omghosting.net:2022/plugins/SkillAPI/CRSkillSets/.git/hooks/prepare-commit-msg.sample: already done
2018-05-26 08:34:53: file:///D:/Users/tjehu/Desktop/Old Desktop Icons/ChaoticaSync/SkillAPI/CRSkillSets/.git/hooks/prepare-commit-msg.sample: Destination file has changed size after upload from 0 to 1492 while source file remained the same
2018-05-26 08:34:53: Move File sftp://ptero01.omghosting.net:2022/plugins/SkillAPI/.git/hooks/update.sample <-> sftp://ptero01.omghosting.net:2022/plugins/SkillAPI/CRSkillSets/.git/hooks/update.sample: already done
2018-05-26 08:34:53: file:///D:/Users/tjehu/Desktop/Old Desktop Icons/ChaoticaSync/SkillAPI/CRSkillSets/.git/hooks/update.sample: Destination file has changed size after upload from 0 to 3610 while source file remained the same
2018-05-26 08:34:53: Move Folder sftp://ptero01.omghosting.net:2022/plugins/SkillAPI/CRSkillSets/.git/hooks -> sftp://ptero01.omghosting.net:2022/plugins/SkillAPI/.git/hooks
2018-05-26 08:34:53: Move File sftp://ptero01.omghosting.net:2022/plugins/SkillAPI/CRSkillSets/.git/index -> sftp://ptero01.omghosting.net:2022/plugins/SkillAPI/.git/index
2018-05-26 08:34:53: file:///D:/Users/tjehu/Desktop/Old Desktop Icons/ChaoticaSync/SkillAPI/CRSkillSets/.git/index: Destination file has changed size after upload from 0 to 289 while source file remained the same
2018-05-26 08:34:53: Move File sftp://ptero01.omghosting.net:2022/plugins/SkillAPI/.git/info/exclude <-> sftp://ptero01.omghosting.net:2022/plugins/SkillAPI/CRSkillSets/.git/info/exclude: already done
2018-05-26 08:34:53: file:///D:/Users/tjehu/Desktop/Old Desktop Icons/ChaoticaSync/SkillAPI/CRSkillSets/.git/info/exclude: Destination file has changed size after upload from 0 to 240 while source file remained the same
2018-05-26 08:34:53: Move Folder sftp://ptero01.omghosting.net:2022/plugins/SkillAPI/CRSkillSets/.git/info -> sftp://ptero01.omghosting.net:2022/plugins/SkillAPI/.git/info
2018-05-26 08:34:53: Move File sftp://ptero01.omghosting.net:2022/plugins/SkillAPI/.git/logs/refs/remotes/origin/HEAD <-> sftp://ptero01.omghosting.net:2022/plugins/SkillAPI/CRSkillSets/.git/logs/refs/remotes/origin/HEAD: already done
2018-05-26 08:34:53: file:///D:/Users/tjehu/Desktop/Old Desktop Icons/ChaoticaSync/SkillAPI/CRSkillSets/.git/logs/refs/remotes/origin/HEAD: Destination file has changed size after upload from 0 to 197 while source file remained the same
2018-05-26 08:34:53: Move File sftp://ptero01.omghosting.net:2022/plugins/SkillAPI/.git/logs/refs/remotes/origin/master <-> sftp://ptero01.omghosting.net:2022/plugins/SkillAPI/CRSkillSets/.git/logs/refs/remotes/origin/master: already done
2018-05-26 08:34:53: file:///D:/Users/tjehu/Desktop/Old Desktop Icons/ChaoticaSync/SkillAPI/CRSkillSets/.git/logs/refs/remotes/origin/master: Destination file has changed size after upload from 0 to 912 while source file remained the same
2018-05-26 08:34:53: Move File sftp://ptero01.omghosting.net:2022/plugins/SkillAPI/.git/logs/refs/remotes/origin <-> sftp://ptero01.omghosting.net:2022/plugins/SkillAPI/CRSkillSets/.git/logs/refs/remotes/origin: already done
2018-05-26 08:34:54: Move Folder sftp://ptero01.omghosting.net:2022/plugins/SkillAPI/CRSkillSets/.git/logs/refs/remotes -> sftp://ptero01.omghosting.net:2022/plugins/SkillAPI/.git/logs/refs/remotes
2018-05-26 08:34:54: Delete Folder 'sftp://ptero01.omghosting.net:2022/plugins/SkillAPI/CRSkillSets/.git/logs/refs'
2018-05-26 08:34:54: Delete Folder 'sftp://ptero01.omghosting.net:2022/plugins/SkillAPI/CRSkillSets/.git/logs'
2018-05-26 08:34:54: Move File sftp://ptero01.omghosting.net:2022/plugins/SkillAPI/.git/objects/00/c4e9f63797031048c46a8ae6f11ed19e518f3f <-> sftp://ptero01.omghosting.net:2022/plugins/SkillAPI/CRSkillSets/.git/objects/00/c4e9f63797031048c46a8ae6f11ed19e518f3f: already done
2018-05-26 08:34:54: file:///D:/Users/tjehu/Desktop/Old Desktop Icons/ChaoticaSync/SkillAPI/CRSkillSets/.git/objects/00/c4e9f63797031048c46a8ae6f11ed19e518f3f: Destination file has changed size after upload from 0 to 127 while source file remained the same
2018-05-26 08:34:54: Move Folder sftp://ptero01.omghosting.net:2022/plugins/SkillAPI/CRSkillSets/.git/objects/00 -> sftp://ptero01.omghosting.net:2022/plugins/SkillAPI/.git/objects/00
2018-05-26 08:34:54: Move File sftp://ptero01.omghosting.net:2022/plugins/SkillAPI/.git/objects/13/c3084d68353c05aab2a926803ac3650d8b6e56 <-> sftp://ptero01.omghosting.net:2022/plugins/SkillAPI/CRSkillSets/.git/objects/13/c3084d68353c05aab2a926803ac3650d8b6e56: already done
2018-05-26 08:34:54: file:///D:/Users/tjehu/Desktop/Old Desktop Icons/ChaoticaSync/SkillAPI/CRSkillSets/.git/objects/13/c3084d68353c05aab2a926803ac3650d8b6e56: Destination file has changed size after upload from 0 to 128 while source file remained the same
2018-05-26 08:34:54: Move Folder sftp://ptero01.omghosting.net:2022/plugins/SkillAPI/CRSkillSets/.git/objects/13 -> sftp://ptero01.omghosting.net:2022/plugins/SkillAPI/.git/objects/13
2018-05-26 08:34:54: Move File sftp://ptero01.omghosting.net:2022/plugins/SkillAPI/.git/objects/1f/9cee1ac13045233eaf9cb082cb30fcb85830fe <-> sftp://ptero01.omghosting.net:2022/plugins/SkillAPI/CRSkillSets/.git/objects/1f/9cee1ac13045233eaf9cb082cb30fcb85830fe: already done
2018-05-26 08:34:54: file:///D:/Users/tjehu/Desktop/Old Desktop Icons/ChaoticaSync/SkillAPI/CRSkillSets/.git/objects/1f/9cee1ac13045233eaf9cb082cb30fcb85830fe: Destination file has changed size after upload from 0 to 85 while source file remained the same
2018-05-26 08:34:54: Move Folder sftp://ptero01.omghosting.net:2022/plugins/SkillAPI/CRSkillSets/.git/objects/1f -> sftp://ptero01.omghosting.net:2022/plugins/SkillAPI/.git/objects/1f
2018-05-26 08:34:54: Move File sftp://ptero01.omghosting.net:2022/plugins/SkillAPI/.git/objects/26/1eeb9e9f8b2b4b0d119366dda99c6fd7d35c64 <-> sftp://ptero01.omghosting.net:2022/plugins/SkillAPI/CRSkillSets/.git/objects/26/1eeb9e9f8b2b4b0d119366dda99c6fd7d35c64: already done
2018-05-26 08:34:54: file:///D:/Users/tjehu/Desktop/Old Desktop Icons/ChaoticaSync/SkillAPI/CRSkillSets/.git/objects/26/1eeb9e9f8b2b4b0d119366dda99c6fd7d35c64: Destination file has changed size after upload from 0 to 4447 while source file remained the same
2018-05-26 08:34:55: Move Folder sftp://ptero01.omghosting.net:2022/plugins/SkillAPI/CRSkillSets/.git/objects/26 -> sftp://ptero01.omghosting.net:2022/plugins/SkillAPI/.git/objects/26
2018-05-26 08:34:55: Move File sftp://ptero01.omghosting.net:2022/plugins/SkillAPI/.git/objects/49/0309da60ef7a7a36ff64653ec84990061961cf <-> sftp://ptero01.omghosting.net:2022/plugins/SkillAPI/CRSkillSets/.git/objects/49/0309da60ef7a7a36ff64653ec84990061961cf: already done
2018-05-26 08:34:55: file:///D:/Users/tjehu/Desktop/Old Desktop Icons/ChaoticaSync/SkillAPI/CRSkillSets/.git/objects/49/0309da60ef7a7a36ff64653ec84990061961cf: Destination file has changed size after upload from 0 to 183 while source file remained the same
2018-05-26 08:34:55: Move Folder sftp://ptero01.omghosting.net:2022/plugins/SkillAPI/CRSkillSets/.git/objects/49 -> sftp://ptero01.omghosting.net:2022/plugins/SkillAPI/.git/objects/49
2018-05-26 08:34:55: Move File sftp://ptero01.omghosting.net:2022/plugins/SkillAPI/.git/objects/4c/f13610bc7bd09006d1360653d25b973db2a184 <-> sftp://ptero01.omghosting.net:2022/plugins/SkillAPI/CRSkillSets/.git/objects/4c/f13610bc7bd09006d1360653d25b973db2a184: already done
2018-05-26 08:34:55: file:///D:/Users/tjehu/Desktop/Old Desktop Icons/ChaoticaSync/SkillAPI/CRSkillSets/.git/objects/4c/f13610bc7bd09006d1360653d25b973db2a184: Destination file has changed size after upload from 0 to 118 while source file remained the same
2018-05-26 08:34:55: Move Folder sftp://ptero01.omghosting.net:2022/plugins/SkillAPI/CRSkillSets/.git/objects/4c -> sftp://ptero01.omghosting.net:2022/plugins/SkillAPI/.git/objects/4c
2018-05-26 08:34:55: Move File sftp://ptero01.omghosting.net:2022/plugins/SkillAPI/.git/objects/4f/d31a587b099cd69a2807eb7cf5a6d9a8a02aaf <-> sftp://ptero01.omghosting.net:2022/plugins/SkillAPI/CRSkillSets/.git/objects/4f/d31a587b099cd69a2807eb7cf5a6d9a8a02aaf: already done
2018-05-26 08:34:55: file:///D:/Users/tjehu/Desktop/Old Desktop Icons/ChaoticaSync/SkillAPI/CRSkillSets/.git/objects/4f/d31a587b099cd69a2807eb7cf5a6d9a8a02aaf: Destination file has changed size after upload from 0 to 163 while source file remained the same
2018-05-26 08:34:55: Move Folder sftp://ptero01.omghosting.net:2022/plugins/SkillAPI/CRSkillSets/.git/objects/4f -> sftp://ptero01.omghosting.net:2022/plugins/SkillAPI/.git/objects/4f
2018-05-26 08:34:55: Move File sftp://ptero01.omghosting.net:2022/plugins/SkillAPI/.git/objects/5d/dd9dd0ec086ade55dc1a338065f67986fcab79 <-> sftp://ptero01.omghosting.net:2022/plugins/SkillAPI/CRSkillSets/.git/objects/5d/dd9dd0ec086ade55dc1a338065f67986fcab79: already done
2018-05-26 08:34:55: file:///D:/Users/tjehu/Desktop/Old Desktop Icons/ChaoticaSync/SkillAPI/CRSkillSets/.git/objects/5d/dd9dd0ec086ade55dc1a338065f67986fcab79: Destination file has changed size after upload from 0 to 119 while source file remained the same
2018-05-26 08:34:55: Move Folder sftp://ptero01.omghosting.net:2022/plugins/SkillAPI/CRSkillSets/.git/objects/5d -> sftp://ptero01.omghosting.net:2022/plugins/SkillAPI/.git/objects/5d
2018-05-26 08:34:55: Move File sftp://ptero01.omghosting.net:2022/plugins/SkillAPI/.git/objects/70/53cca29188114de5ae8cf05b7125b5dd872387 <-> sftp://ptero01.omghosting.net:2022/plugins/SkillAPI/CRSkillSets/.git/objects/70/53cca29188114de5ae8cf05b7125b5dd872387: already done
2018-05-26 08:34:55: file:///D:/Users/tjehu/Desktop/Old Desktop Icons/ChaoticaSync/SkillAPI/CRSkillSets/.git/objects/70/53cca29188114de5ae8cf05b7125b5dd872387: Destination file has changed size after upload from 0 to 182 while source file remained the same
2018-05-26 08:34:55: Move Folder sftp://ptero01.omghosting.net:2022/plugins/SkillAPI/CRSkillSets/.git/objects/70 -> sftp://ptero01.omghosting.net:2022/plugins/SkillAPI/.git/objects/70
2018-05-26 08:34:55: Move File sftp://ptero01.omghosting.net:2022/plugins/SkillAPI/.git/objects/72/e12a968b51b41cdf0ac6763113ffed368b1a18 <-> sftp://ptero01.omghosting.net:2022/plugins/SkillAPI/CRSkillSets/.git/objects/72/e12a968b51b41cdf0ac6763113ffed368b1a18: already done
2018-05-26 08:34:55: file:///D:/Users/tjehu/Desktop/Old Desktop Icons/ChaoticaSync/SkillAPI/CRSkillSets/.git/objects/72/e12a968b51b41cdf0ac6763113ffed368b1a18: Destination file has changed size after upload from 0 to 18 while source file remained the same
2018-05-26 08:34:56: Move Folder sftp://ptero01.omghosting.net:2022/plugins/SkillAPI/CRSkillSets/.git/objects/72 -> sftp://ptero01.omghosting.net:2022/plugins/SkillAPI/.git/objects/72
2018-05-26 08:34:56: Move File sftp://ptero01.omghosting.net:2022/plugins/SkillAPI/.git/objects/73/c26090427bc5424703e668b437147fce47835a <-> sftp://ptero01.omghosting.net:2022/plugins/SkillAPI/CRSkillSets/.git/objects/73/c26090427bc5424703e668b437147fce47835a: already done
2018-05-26 08:34:56: file:///D:/Users/tjehu/Desktop/Old Desktop Icons/ChaoticaSync/SkillAPI/CRSkillSets/.git/objects/73/c26090427bc5424703e668b437147fce47835a: Destination file has changed size after upload from 0 to 518 while source file remained the same
2018-05-26 08:34:56: Move Folder sftp://ptero01.omghosting.net:2022/plugins/SkillAPI/CRSkillSets/.git/objects/73 -> sftp://ptero01.omghosting.net:2022/plugins/SkillAPI/.git/objects/73
2018-05-26 08:34:56: Move File sftp://ptero01.omghosting.net:2022/plugins/SkillAPI/.git/objects/8f/53d3c471370c547d106d7c2fa0f0e80c8d06ff <-> sftp://ptero01.omghosting.net:2022/plugins/SkillAPI/CRSkillSets/.git/objects/8f/53d3c471370c547d106d7c2fa0f0e80c8d06ff: already done
2018-05-26 08:34:56: file:///D:/Users/tjehu/Desktop/Old Desktop Icons/ChaoticaSync/SkillAPI/CRSkillSets/.git/objects/8f/53d3c471370c547d106d7c2fa0f0e80c8d06ff: Destination file has changed size after upload from 0 to 130 while source file remained the same
2018-05-26 08:34:56: Move Folder sftp://ptero01.omghosting.net:2022/plugins/SkillAPI/CRSkillSets/.git/objects/8f -> sftp://ptero01.omghosting.net:2022/plugins/SkillAPI/.git/objects/8f
2018-05-26 08:34:56: Move File sftp://ptero01.omghosting.net:2022/plugins/SkillAPI/.git/objects/ab/9da165b361607cd859fae421a132904e03dbdb <-> sftp://ptero01.omghosting.net:2022/plugins/SkillAPI/CRSkillSets/.git/objects/ab/9da165b361607cd859fae421a132904e03dbdb: already done
2018-05-26 08:34:56: file:///D:/Users/tjehu/Desktop/Old Desktop Icons/ChaoticaSync/SkillAPI/CRSkillSets/.git/objects/ab/9da165b361607cd859fae421a132904e03dbdb: Destination file has changed size after upload from 0 to 48 while source file remained the same
2018-05-26 08:34:56: Move Folder sftp://ptero01.omghosting.net:2022/plugins/SkillAPI/CRSkillSets/.git/objects/ab -> sftp://ptero01.omghosting.net:2022/plugins/SkillAPI/.git/objects/ab
2018-05-26 08:34:56: Move File sftp://ptero01.omghosting.net:2022/plugins/SkillAPI/.git/objects/ad/1e92b72f7c552bbef0883544c9ec314e7ea953 <-> sftp://ptero01.omghosting.net:2022/plugins/SkillAPI/CRSkillSets/.git/objects/ad/1e92b72f7c552bbef0883544c9ec314e7ea953: already done
2018-05-26 08:34:56: file:///D:/Users/tjehu/Desktop/Old Desktop Icons/ChaoticaSync/SkillAPI/CRSkillSets/.git/objects/ad/1e92b72f7c552bbef0883544c9ec314e7ea953: Destination file has changed size after upload from 0 to 165 while source file remained the same
2018-05-26 08:34:56: Move Folder sftp://ptero01.omghosting.net:2022/plugins/SkillAPI/CRSkillSets/.git/objects/ad -> sftp://ptero01.omghosting.net:2022/plugins/SkillAPI/.git/objects/ad
2018-05-26 08:34:56: Move File sftp://ptero01.omghosting.net:2022/plugins/SkillAPI/.git/objects/bb/4eafdc74b2a6b655ec6d646f23234356b46f82 <-> sftp://ptero01.omghosting.net:2022/plugins/SkillAPI/CRSkillSets/.git/objects/bb/4eafdc74b2a6b655ec6d646f23234356b46f82: already done
2018-05-26 08:34:56: file:///D:/Users/tjehu/Desktop/Old Desktop Icons/ChaoticaSync/SkillAPI/CRSkillSets/.git/objects/bb/4eafdc74b2a6b655ec6d646f23234356b46f82: Destination file has changed size after upload from 0 to 175 while source file remained the same
2018-05-26 08:34:56: Move Folder sftp://ptero01.omghosting.net:2022/plugins/SkillAPI/CRSkillSets/.git/objects/bb -> sftp://ptero01.omghosting.net:2022/plugins/SkillAPI/.git/objects/bb
2018-05-26 08:34:56: Move File sftp://ptero01.omghosting.net:2022/plugins/SkillAPI/.git/objects/ce/512bc741a1591dd79ebc343ab58a4fb35b5fd6 <-> sftp://ptero01.omghosting.net:2022/plugins/SkillAPI/CRSkillSets/.git/objects/ce/512bc741a1591dd79ebc343ab58a4fb35b5fd6: already done
2018-05-26 08:34:56: file:///D:/Users/tjehu/Desktop/Old Desktop Icons/ChaoticaSync/SkillAPI/CRSkillSets/.git/objects/ce/512bc741a1591dd79ebc343ab58a4fb35b5fd6: Destination file has changed size after upload from 0 to 189 while source file remained the same
2018-05-26 08:34:57: Move Folder sftp://ptero01.omghosting.net:2022/plugins/SkillAPI/CRSkillSets/.git/objects/ce -> sftp://ptero01.omghosting.net:2022/plugins/SkillAPI/.git/objects/ce
2018-05-26 08:34:57: Move File sftp://ptero01.omghosting.net:2022/plugins/SkillAPI/.git/objects/e6/9de29bb2d1d6434b8b29ae775ad8c2e48c5391 <-> sftp://ptero01.omghosting.net:2022/plugins/SkillAPI/CRSkillSets/.git/objects/e6/9de29bb2d1d6434b8b29ae775ad8c2e48c5391: already done
2018-05-26 08:34:57: file:///D:/Users/tjehu/Desktop/Old Desktop Icons/ChaoticaSync/SkillAPI/CRSkillSets/.git/objects/e6/9de29bb2d1d6434b8b29ae775ad8c2e48c5391: Destination file has changed size after upload from 0 to 15 while source file remained the same
2018-05-26 08:34:57: Move Folder sftp://ptero01.omghosting.net:2022/plugins/SkillAPI/CRSkillSets/.git/objects/e6 -> sftp://ptero01.omghosting.net:2022/plugins/SkillAPI/.git/objects/e6
2018-05-26 08:34:57: Delete Folder 'sftp://ptero01.omghosting.net:2022/plugins/SkillAPI/CRSkillSets/.git/objects'
2018-05-26 08:34:57: Move File sftp://ptero01.omghosting.net:2022/plugins/SkillAPI/CRSkillSets/.git/packed-refs -> sftp://ptero01.omghosting.net:2022/plugins/SkillAPI/.git/packed-refs
2018-05-26 08:34:57: file:///D:/Users/tjehu/Desktop/Old Desktop Icons/ChaoticaSync/SkillAPI/CRSkillSets/.git/packed-refs: Destination file has changed size after upload from 0 to 114 while source file remained the same
2018-05-26 08:34:57: Move File sftp://ptero01.omghosting.net:2022/plugins/SkillAPI/.git/refs/heads/master <-> sftp://ptero01.omghosting.net:2022/plugins/SkillAPI/CRSkillSets/.git/refs/heads/master: already done
2018-05-26 08:34:57: file:///D:/Users/tjehu/Desktop/Old Desktop Icons/ChaoticaSync/SkillAPI/CRSkillSets/.git/refs/heads/master: Destination file has changed size after upload from 0 to 41 while source file remained the same
2018-05-26 08:34:57: Move Folder sftp://ptero01.omghosting.net:2022/plugins/SkillAPI/CRSkillSets/.git/refs/heads -> sftp://ptero01.omghosting.net:2022/plugins/SkillAPI/.git/refs/heads
2018-05-26 08:34:57: Move File sftp://ptero01.omghosting.net:2022/plugins/SkillAPI/.git/refs/remotes/origin/HEAD <-> sftp://ptero01.omghosting.net:2022/plugins/SkillAPI/CRSkillSets/.git/refs/remotes/origin/HEAD: already done
2018-05-26 08:34:57: file:///D:/Users/tjehu/Desktop/Old Desktop Icons/ChaoticaSync/SkillAPI/CRSkillSets/.git/refs/remotes/origin/HEAD: Destination file has changed size after upload from 0 to 32 while source file remained the same
2018-05-26 08:34:57: Move File sftp://ptero01.omghosting.net:2022/plugins/SkillAPI/.git/refs/remotes/origin/master <-> sftp://ptero01.omghosting.net:2022/plugins/SkillAPI/CRSkillSets/.git/refs/remotes/origin/master: already done
2018-05-26 08:34:57: file:///D:/Users/tjehu/Desktop/Old Desktop Icons/ChaoticaSync/SkillAPI/CRSkillSets/.git/refs/remotes/origin/master: Destination file has changed size after upload from 0 to 41 while source file remained the same
2018-05-26 08:34:57: Move File sftp://ptero01.omghosting.net:2022/plugins/SkillAPI/.git/refs/remotes/origin <-> sftp://ptero01.omghosting.net:2022/plugins/SkillAPI/CRSkillSets/.git/refs/remotes/origin: already done
2018-05-26 08:34:57: Move Folder sftp://ptero01.omghosting.net:2022/plugins/SkillAPI/CRSkillSets/.git/refs/remotes -> sftp://ptero01.omghosting.net:2022/plugins/SkillAPI/.git/refs/remotes
2018-05-26 08:34:58: Delete Folder 'sftp://ptero01.omghosting.net:2022/plugins/SkillAPI/CRSkillSets/.git/refs'
2018-05-26 08:34:58: Delete Folder 'sftp://ptero01.omghosting.net:2022/plugins/SkillAPI/CRSkillSets/.git'
2018-05-26 08:34:58: Move File sftp://ptero01.omghosting.net:2022/plugins/SkillAPI/CRSkillSets/LICENSE -> sftp://ptero01.omghosting.net:2022/plugins/SkillAPI/LICENSE
2018-05-26 08:34:58: Move File sftp://ptero01.omghosting.net:2022/plugins/SkillAPI/CRSkillSets/README.md -> sftp://ptero01.omghosting.net:2022/plugins/SkillAPI/README.md
2018-05-26 08:34:59: Move File sftp://ptero01.omghosting.net:2022/plugins/SkillAPI/CRSkillSets/testyetagain2.txt -> sftp://ptero01.omghosting.net:2022/plugins/SkillAPI/testyetagain2.txt
2018-05-26 08:34:59: Delete Folder 'sftp://ptero01.omghosting.net:2022/plugins/SkillAPI/CRSkillSets'
2018-05-26 08:35:01: == Sync Complete. Time: 00:00:19, Speed: 40.9 KB/s, OK: 152, Errors: 0
2018-05-26 08:35:01: 
